2015-07-11 22:49:27 [scrapy] INFO: Scrapy 1.0.1 started (bot: crawler)
2015-07-11 22:49:27 [scrapy] INFO: Optional features available: ssl, http11
2015-07-11 22:49:27 [scrapy] INFO: Overridden settings: {'NEWSPIDER_MODULE': 'crawler.spiders', 'SPIDER_MODULES': ['crawler.spiders'], 'FEED_URI': 'file:///Users/deweichen/Google%20Drive/Realtime%20Big%20Data%20Analytics/project/code/items/crawler/spider1/9ba8b1c2284011e5bdbbb8f6b119ba8b.jl', 'LOG_FILE': 'logs/crawler/spider1/9ba8b1c2284011e5bdbbb8f6b119ba8b.log', 'BOT_NAME': 'crawler'}
2015-07-11 22:49:27 [py.warnings] WARNING: :0: UserWarning: You do not have a working installation of the service_identity module: 'No module named service_identity'.  Please install it from <https://pypi.python.org/pypi/service_identity> and make sure all of its dependencies are satisfied.  Without the service_identity module and a recent enough pyOpenSSL to support it, Twisted can perform only rudimentary TLS client hostname verification.  Many valid certificate/hostname mappings may be rejected.

2015-07-11 22:49:27 [scrapy] INFO: Enabled extensions: CloseSpider, FeedExporter, TelnetConsole, LogStats, CoreStats, SpiderState
2015-07-11 22:49:27 [scrapy] INFO: Enabled downloader middlewares: HttpAuthMiddleware, DownloadTimeoutMiddleware, UserAgentMiddleware, RetryMiddleware, DefaultHeadersMiddleware, MetaRefreshMiddleware, HttpCompressionMiddleware, RedirectMiddleware, CookiesMiddleware, ChunkedTransferMiddleware, DownloaderStats
2015-07-11 22:49:27 [scrapy] INFO: Enabled spider middlewares: HttpErrorMiddleware, OffsiteMiddleware, RefererMiddleware, UrlLengthMiddleware, DepthMiddleware
2015-07-11 22:49:27 [scrapy] INFO: Enabled item pipelines: CrawlerPipeline
2015-07-11 22:49:27 [scrapy] INFO: Spider opened
2015-07-11 22:49:27 [scrapy] ERROR: Error caught on signal handler: <bound method ?.open_spider of <scrapy.extensions.feedexport.FeedExporter object at 0x1124d1dd0>>
Traceback (most recent call last):
  File "/Library/Python/2.7/site-packages/twisted/internet/defer.py", line 150, in maybeDeferred
    result = f(*args, **kw)
  File "/Library/Python/2.7/site-packages/scrapy/xlib/pydispatch/robustapply.py", line 57, in robustApply
    return receiver(*arguments, **named)
  File "/Library/Python/2.7/site-packages/scrapy/extensions/feedexport.py", line 167, in open_spider
    uri = self.urifmt % self._get_uri_params(spider)
ValueError: unsupported format character 'D' (0x44) at index 33
2015-07-11 22:49:27 [scrapy] INFO: Crawled 0 pages (at 0 pages/min), scraped 0 items (at 0 items/min)
2015-07-11 22:49:27 [scrapy] DEBUG: Telnet console listening on 127.0.0.1:6023
2015-07-11 22:49:27 [scrapy] ERROR: Error while obtaining start requests
Traceback (most recent call last):
  File "/Library/Python/2.7/site-packages/scrapy/core/engine.py", line 110, in _next_request
    request = next(slot.start_requests)
  File "build/bdist.macosx-10.10-intel/egg/crawler/spiders/page_crawler.py", line 41, in start_requests
    with open('urls.txt', 'r') as urls:
IOError: [Errno 2] No such file or directory: 'urls.txt'
2015-07-11 22:49:27 [scrapy] INFO: Closing spider (finished)
2015-07-11 22:49:27 [scrapy] ERROR: Error caught on signal handler: <bound method ?.close_spider of <scrapy.extensions.feedexport.FeedExporter object at 0x1124d1dd0>>
Traceback (most recent call last):
  File "/Library/Python/2.7/site-packages/twisted/internet/defer.py", line 150, in maybeDeferred
    result = f(*args, **kw)
  File "/Library/Python/2.7/site-packages/scrapy/xlib/pydispatch/robustapply.py", line 57, in robustApply
    return receiver(*arguments, **named)
  File "/Library/Python/2.7/site-packages/scrapy/extensions/feedexport.py", line 175, in close_spider
    slot = self.slot
AttributeError: 'FeedExporter' object has no attribute 'slot'
2015-07-11 22:49:27 [scrapy] INFO: Dumping Scrapy stats:
{'finish_reason': 'finished',
 'finish_time': datetime.datetime(2015, 7, 12, 2, 49, 27, 146983),
 'log_count/DEBUG': 1,
 'log_count/ERROR': 3,
 'log_count/INFO': 7,
 'log_count/WARNING': 1,
 'start_time': datetime.datetime(2015, 7, 12, 2, 49, 27, 144213)}
2015-07-11 22:49:27 [scrapy] INFO: Spider closed (finished)
